<?xml version="1.0" encoding="UTF-8"?>
<!-- Generated by org.testng.reporters.JUnitReportReporter -->
<testsuite skipped="0" hostname="LAPTOP-621Q5FK4" name="com.employeeapi.testCases.TC005_Delete_Employee_Record" tests="5" failures="0" timestamp="26 Nov 2019 12:59:09 GMT" time="0.002" errors="0">
  <testcase name="checkStatusCode" time="0.001" classname="com.employeeapi.testCases.TC005_Delete_Employee_Record"/>
  <testcase name="checkstatusLine" time="0.000" classname="com.employeeapi.testCases.TC005_Delete_Employee_Record"/>
  <testcase name="checkResposeBody" time="0.001" classname="com.employeeapi.testCases.TC005_Delete_Employee_Record"/>
  <testcase name="checkContentType" time="0.000" classname="com.employeeapi.testCases.TC005_Delete_Employee_Record"/>
  <testcase name="checkserverType" time="0.000" classname="com.employeeapi.testCases.TC005_Delete_Employee_Record"/>
</testsuite> <!-- com.employeeapi.testCases.TC005_Delete_Employee_Record -->
